#
# There is insufficient memory for the Java Runtime Environment to continue.
# Native memory allocation (malloc) failed to allocate 32784 bytes. Error detail: Chunk::new
# Possible reasons:
#   The system is out of physical RAM or swap space
#   This process is running with CompressedOops enabled, and the Java Heap may be blocking the growth of the native heap
# Possible solutions:
#   Reduce memory load on the system
#   Increase physical memory or swap space
#   Check if swap backing store is full
#   Decrease Java heap size (-Xmx/-Xms)
#   Decrease number of Java threads
#   Decrease Java thread stack sizes (-Xss)
#   Set larger code cache with -XX:ReservedCodeCacheSize=
#   JVM is running with Unscaled Compressed Oops mode in which the Java heap is
#     placed in the first 4GB address space. The Java Heap base address is the
#     maximum limit for the native heap growth. Please use -XX:HeapBaseMinAddress
#     to set the Java Heap base and to place the Java Heap above 4GB virtual address.
# This output file may be truncated or incomplete.
#
#  Out of Memory Error (arena.cpp:150), pid=9480, tid=652
#
# JRE version: OpenJDK Runtime Environment (22.0.2+9) (build 22.0.2+9-70)
# Java VM: OpenJDK 64-Bit Server VM (22.0.2+9-70, mixed mode, sharing, tiered, compressed oops, compressed class ptrs, g1 gc, windows-amd64)
# No core dump will be written. Minidumps are not enabled by default on client versions of Windows
#

---------------  S U M M A R Y ------------

Command Line: -javaagent:E:\IntelliJ IDEA 2024.2.1\lib\idea_rt.jar=4101:E:\IntelliJ IDEA 2024.2.1\bin -Dfile.encoding=UTF-8 -Dsun.stdout.encoding=UTF-8 -Dsun.stderr.encoding=UTF-8 frames.OuterFrame

Host: 11th Gen Intel(R) Core(TM) i5-11400H @ 2.70GHz, 12 cores, 7G,  Windows 11 , 64 bit Build 22621 (10.0.22621.3958)
Time: Wed Sep 11 12:35:50 2024 India Standard Time elapsed time: 10.640069 seconds (0d 0h 0m 10s)

---------------  T H R E A D  ---------------

Current thread (0x000001df26ab0600):  JavaThread "C2 CompilerThread0" daemon [_thread_in_native, id=652, stack(0x000000c95c400000,0x000000c95c500000) (1024K)]


Current CompileTask:
C2:10640 2362   !   4       java.awt.GradientPaintContext::<init> (649 bytes)

Stack: [0x000000c95c400000,0x000000c95c500000]
Native frames: (J=compiled Java code, j=interpreted, Vv=VM code, C=native code)
V  [jvm.dll+0x6e26e9]  (no source info available)
V  [jvm.dll+0x875753]  (no source info available)
V  [jvm.dll+0x877b7e]  (no source info available)
V  [jvm.dll+0x878253]  (no source info available)
V  [jvm.dll+0x27fc86]  (no source info available)
V  [jvm.dll+0xc3d0f]  (no source info available)
V  [jvm.dll+0xc40fb]  (no source info available)
V  [jvm.dll+0xc3bbb]  (no source info available)
V  [jvm.dll+0x6bf18c]  (no source info available)
V  [jvm.dll+0x61a43e]  (no source info available)
V  [jvm.dll+0x602854]  (no source info available)
V  [jvm.dll+0x606ae8]  (no source info available)
V  [jvm.dll+0x606379]  (no source info available)
V  [jvm.dll+0x606260]  (no source info available)
V  [jvm.dll+0x6063dc]  (no source info available)
V  [jvm.dll+0x60c8e4]  (no source info available)
V  [jvm.dll+0x249915]  (no source info available)
V  [jvm.dll+0x246da6]  (no source info available)
V  [jvm.dll+0x1c4e80]  (no source info available)
V  [jvm.dll+0x2568f3]  (no source info available)
V  [jvm.dll+0x254baa]  (no source info available)
V  [jvm.dll+0x3f57a6]  (no source info available)
V  [jvm.dll+0x81dc0b]  (no source info available)
V  [jvm.dll+0x6e0d85]  (no source info available)
C  [ucrtbase.dll+0x29333]  (no source info available)
C  [KERNEL32.DLL+0x1257d]  (no source info available)
C  [ntdll.dll+0x5af28]  (no source info available)


---------------  P R O C E S S  ---------------

Threads class SMR info:
_java_thread_list=0x000001df6d72d480, length=20, elements={
0x000001df26a8d440, 0x000001df26a8e250, 0x000001df26a93bb0, 0x000001df26a990d0,
0x000001df26a98a40, 0x000001df26a97000, 0x000001df26ab0600, 0x000001df26ab11a0,
0x000001df26a97690, 0x000001df26a97d20, 0x000001df26a983b0, 0x000001df26a99760,
0x000001df26a962e0, 0x000001df26a96970, 0x000001df6d62e3b0, 0x000001df6d6287d0,
0x000001df6d62b5c0, 0x000001df6d62fdf0, 0x000001df6d62d000, 0x000001df6d62bc50
}

Java Threads: ( => current thread )
  0x000001df26a8d440 JavaThread "Reference Handler"          daemon [_thread_blocked, id=23832, stack(0x000000c95be00000,0x000000c95bf00000) (1024K)]
  0x000001df26a8e250 JavaThread "Finalizer"                  daemon [_thread_blocked, id=20352, stack(0x000000c95bf00000,0x000000c95c000000) (1024K)]
  0x000001df26a93bb0 JavaThread "Signal Dispatcher"          daemon [_thread_blocked, id=1992, stack(0x000000c95c000000,0x000000c95c100000) (1024K)]
  0x000001df26a990d0 JavaThread "Attach Listener"            daemon [_thread_blocked, id=2912, stack(0x000000c95c100000,0x000000c95c200000) (1024K)]
  0x000001df26a98a40 JavaThread "Service Thread"             daemon [_thread_blocked, id=31736, stack(0x000000c95c200000,0x000000c95c300000) (1024K)]
  0x000001df26a97000 JavaThread "Monitor Deflation Thread"   daemon [_thread_blocked, id=31412, stack(0x000000c95c300000,0x000000c95c400000) (1024K)]
=>0x000001df26ab0600 JavaThread "C2 CompilerThread0"         daemon [_thread_in_native, id=652, stack(0x000000c95c400000,0x000000c95c500000) (1024K)]
  0x000001df26ab11a0 JavaThread "C1 CompilerThread0"         daemon [_thread_blocked, id=5532, stack(0x000000c95c500000,0x000000c95c600000) (1024K)]
  0x000001df26a97690 JavaThread "Common-Cleaner"             daemon [_thread_blocked, id=22548, stack(0x000000c95c600000,0x000000c95c700000) (1024K)]
  0x000001df26a97d20 JavaThread "Monitor Ctrl-Break"         daemon [_thread_in_native, id=23900, stack(0x000000c95c700000,0x000000c95c800000) (1024K)]
  0x000001df26a983b0 JavaThread "Notification Thread"        daemon [_thread_blocked, id=32244, stack(0x000000c95c800000,0x000000c95c900000) (1024K)]
  0x000001df26a99760 JavaThread "Java2D Disposer"            daemon [_thread_blocked, id=19732, stack(0x000000c95c900000,0x000000c95ca00000) (1024K)]
  0x000001df26a962e0 JavaThread "AWT-Shutdown"                      [_thread_blocked, id=29552, stack(0x000000c95ca00000,0x000000c95cb00000) (1024K)]
  0x000001df26a96970 JavaThread "AWT-Windows"                daemon [_thread_in_native, id=7952, stack(0x000000c95cb00000,0x000000c95cc00000) (1024K)]
  0x000001df6d62e3b0 JavaThread "AWT-EventQueue-0"                  [_thread_blocked, id=25940, stack(0x000000c95cd00000,0x000000c95ce00000) (1024K)]
  0x000001df6d6287d0 JavaThread "RMI TCP Accept-0"           daemon [_thread_in_native, id=15900, stack(0x000000c95ce00000,0x000000c95cf00000) (1024K)]
  0x000001df6d62b5c0 JavaThread "RMI TCP Connection(1)-172.16.114.46" daemon [_thread_in_native, id=29676, stack(0x000000c95cf00000,0x000000c95d000000) (1024K)]
  0x000001df6d62fdf0 JavaThread "DestroyJavaVM"                     [_thread_blocked, id=6588, stack(0x000000c95b600000,0x000000c95b700000) (1024K)]
  0x000001df6d62d000 JavaThread "RMI Scheduler(0)"           daemon [_thread_blocked, id=23516, stack(0x000000c95d400000,0x000000c95d500000) (1024K)]
  0x000001df6d62bc50 JavaThread "JMX server connection timeout 33" daemon [_thread_blocked, id=33100, stack(0x000000c95d600000,0x000000c95d700000) (1024K)]
Total: 20

Other Threads:
  0x000001df26a74d10 VMThread "VM Thread"                           [id=30412, stack(0x000000c95bd00000,0x000000c95be00000) (1024K)]
  0x000001df26a59450 WatcherThread "VM Periodic Task Thread"        [id=23936, stack(0x000000c95bc00000,0x000000c95bd00000) (1024K)]
  0x000001df07f92600 WorkerThread "GC Thread#0"                     [id=18148, stack(0x000000c95b700000,0x000000c95b800000) (1024K)]
  0x000001df6e5c17b0 WorkerThread "GC Thread#1"                     [id=4048, stack(0x000000c95cc00000,0x000000c95cd00000) (1024K)]
  0x000001df6dc311e0 WorkerThread "GC Thread#2"                     [id=33040, stack(0x000000c95d700000,0x000000c95d800000) (1024K)]
  0x000001df6dc31590 WorkerThread "GC Thread#3"                     [id=26572, stack(0x000000c95d800000,0x000000c95d900000) (1024K)]
  0x000001df6e1d4320 WorkerThread "GC Thread#4"                     [id=12896, stack(0x000000c95d900000,0x000000c95da00000) (1024K)]
  0x000001df6e1d5990 WorkerThread "GC Thread#5"                     [id=17296, stack(0x000000c95da00000,0x000000c95db00000) (1024K)]
  0x000001df6e1d4720 WorkerThread "GC Thread#6"                     [id=26280, stack(0x000000c95db00000,0x000000c95dc00000) (1024K)]
  0x000001df6e1d5d40 WorkerThread "GC Thread#7"                     [id=11408, stack(0x000000c95dc00000,0x000000c95dd00000) (1024K)]
  0x000001df6e1d60f0 WorkerThread "GC Thread#8"                     [id=30100, stack(0x000000c95dd00000,0x000000c95de00000) (1024K)]
  0x000001df6e1d4ad0 WorkerThread "GC Thread#9"                     [id=352, stack(0x000000c95de00000,0x000000c95df00000) (1024K)]
  0x000001df07fa2fa0 ConcurrentGCThread "G1 Main Marker"            [id=25912, stack(0x000000c95b800000,0x000000c95b900000) (1024K)]
  0x000001df07fa3ab0 WorkerThread "G1 Conc#0"                       [id=11364, stack(0x000000c95b900000,0x000000c95ba00000) (1024K)]
  0x000001df26928120 ConcurrentGCThread "G1 Refine#0"               [id=24264, stack(0x000000c95ba00000,0x000000c95bb00000) (1024K)]
  0x000001df26928ab0 ConcurrentGCThread "G1 Service"                [id=25364, stack(0x000000c95bb00000,0x000000c95bc00000) (1024K)]
Total: 16

Threads with active compile tasks:
C2 CompilerThread0  10691 2362   !   4       java.awt.GradientPaintContext::<init> (649 bytes)
Total: 1

VM state: not at safepoint (normal execution)

VM Mutex/Monitor currently owned by a thread: None

Heap address: 0x0000000084000000, size: 1984 MB, Compressed Oops mode: 32-bit

CDS archive(s) mapped at: [0x000001df27000000-0x000001df27c60000-0x000001df27c60000), size 12976128, SharedBaseAddress: 0x000001df27000000, ArchiveRelocationMode: 1.
Compressed class space mapped at: 0x000001df28000000-0x000001df68000000, reserved size: 1073741824
Narrow klass base: 0x000001df27000000, Narrow klass shift: 0, Narrow klass range: 0x41000000

GC Precious Log:
 CardTable entry size: 512
 Card Set container configuration: InlinePtr #cards 5 size 8 Array Of Cards #cards 12 size 40 Howl #buckets 4 coarsen threshold 1843 Howl Bitmap #cards 512 size 80 coarsen threshold 460 Card regions per heap region 1 cards per card region 2048
 CPUs: 12 total, 12 available
 Memory: 7930M
 Large Page Support: Disabled
 NUMA Support: Disabled
 Compressed Oops: Enabled (32-bit)
 Heap Region Size: 1M
 Heap Min Capacity: 8M
 Heap Initial Capacity: 124M
 Heap Max Capacity: 1984M
 Pre-touch: Disabled
 Parallel Workers: 10
 Concurrent Workers: 3
 Concurrent Refinement Workers: 10
 Periodic GC: Disabled

Heap:
 garbage-first heap   total reserved 2031616K, committed 126976K, used 14362K [0x0000000084000000, 0x0000000100000000)
  region size 1024K, 6 young (6144K), 3 survivors (3072K)
 Metaspace       used 13495K, committed 13824K, reserved 1114112K
  class space    used 1499K, committed 1664K, reserved 1048576K

Heap Regions: E=young(eden), S=young(survivor), O=old, HS=humongous(starts), HC=humongous(continues), CS=collection set, F=free, TAMS=top-at-mark-start, PB=parsable bottom
|   0|0x0000000084000000, 0x0000000084100000, 0x0000000084100000|100%|HS|  |TAMS 0x0000000084000000| PB 0x0000000084000000| Complete |  0
|   1|0x0000000084100000, 0x0000000084200000, 0x0000000084200000|100%|HC|  |TAMS 0x0000000084100000| PB 0x0000000084100000| Complete |  0
|   2|0x0000000084200000, 0x0000000084300000, 0x0000000084300000|100%|HC|  |TAMS 0x0000000084200000| PB 0x0000000084200000| Complete |  0
|   3|0x0000000084300000, 0x0000000084400000, 0x0000000084400000|100%|HC|  |TAMS 0x0000000084300000| PB 0x0000000084300000| Complete |  0
|   4|0x0000000084400000, 0x0000000084500000, 0x0000000084500000|100%|HC|  |TAMS 0x0000000084400000| PB 0x0000000084400000| Complete |  0
|   5|0x0000000084500000, 0x0000000084600000, 0x0000000084600000|100%|HC|  |TAMS 0x0000000084500000| PB 0x0000000084500000| Complete |  0
|   6|0x0000000084600000, 0x0000000084700000, 0x0000000084700000|100%|HC|  |TAMS 0x0000000084600000| PB 0x0000000084600000| Complete |  0
|   7|0x0000000084700000, 0x0000000084800000, 0x0000000084800000|100%|HC|  |TAMS 0x0000000084700000| PB 0x0000000084700000| Complete |  0
|   8|0x0000000084800000, 0x0000000084900000, 0x0000000084900000|100%| O|  |TAMS 0x0000000084800000| PB 0x0000000084800000| Untracked |  0
|   9|0x0000000084900000, 0x0000000084906aa0, 0x0000000084a00000|  2%| O|  |TAMS 0x0000000084900000| PB 0x0000000084900000| Untracked |  0
|  10|0x0000000084a00000, 0x0000000084a00000, 0x0000000084b00000|  0%| F|  |TAMS 0x0000000084a00000| PB 0x0000000084a00000| Untracked |  0
|  11|0x0000000084b00000, 0x0000000084b00000, 0x0000000084c00000|  0%| F|  |TAMS 0x0000000084b00000| PB 0x0000000084b00000| Untracked |  0
|  12|0x0000000084c00000, 0x0000000084c00000, 0x0000000084d00000|  0%| F|  |TAMS 0x0000000084c00000| PB 0x0000000084c00000| Untracked |  0
|  13|0x0000000084d00000, 0x0000000084d00000, 0x0000000084e00000|  0%| F|  |TAMS 0x0000000084d00000| PB 0x0000000084d00000| Untracked |  0
|  14|0x0000000084e00000, 0x0000000084e00000, 0x0000000084f00000|  0%| F|  |TAMS 0x0000000084e00000| PB 0x0000000084e00000| Untracked |  0
|  15|0x0000000084f00000, 0x0000000084f00000, 0x0000000085000000|  0%| F|  |TAMS 0x0000000084f00000| PB 0x0000000084f00000| Untracked |  0
|  16|0x0000000085000000, 0x0000000085000000, 0x0000000085100000|  0%| F|  |TAMS 0x0000000085000000| PB 0x0000000085000000| Untracked |  0
|  17|0x0000000085100000, 0x0000000085100000, 0x0000000085200000|  0%| F|  |TAMS 0x0000000085100000| PB 0x0000000085100000| Untracked |  0
|  18|0x0000000085200000, 0x0000000085200000, 0x0000000085300000|  0%| F|  |TAMS 0x0000000085200000| PB 0x0000000085200000| Untracked |  0
|  19|0x0000000085300000, 0x0000000085300000, 0x0000000085400000|  0%| F|  |TAMS 0x0000000085300000| PB 0x0000000085300000| Untracked |  0
|  20|0x0000000085400000, 0x0000000085400000, 0x0000000085500000|  0%| F|  |TAMS 0x0000000085400000| PB 0x0000000085400000| Untracked |  0
|  21|0x0000000085500000, 0x0000000085500000, 0x0000000085600000|  0%| F|  |TAMS 0x0000000085500000| PB 0x0000000085500000| Untracked |  0
|  22|0x0000000085600000, 0x0000000085600000, 0x0000000085700000|  0%| F|  |TAMS 0x0000000085600000| PB 0x0000000085600000| Untracked |  0
|  23|0x0000000085700000, 0x0000000085700000, 0x0000000085800000|  0%| F|  |TAMS 0x0000000085700000| PB 0x0000000085700000| Untracked |  0
|  24|0x0000000085800000, 0x0000000085800000, 0x0000000085900000|  0%| F|  |TAMS 0x0000000085800000| PB 0x0000000085800000| Untracked |  0
|  25|0x0000000085900000, 0x0000000085900000, 0x0000000085a00000|  0%| F|  |TAMS 0x0000000085900000| PB 0x0000000085900000| Untracked |  0
|  26|0x0000000085a00000, 0x0000000085a00000, 0x0000000085b00000|  0%| F|  |TAMS 0x0000000085a00000| PB 0x0000000085a00000| Untracked |  0
|  27|0x0000000085b00000, 0x0000000085b00000, 0x0000000085c00000|  0%| F|  |TAMS 0x0000000085b00000| PB 0x0000000085b00000| Untracked |  0
|  28|0x0000000085c00000, 0x0000000085c00000, 0x0000000085d00000|  0%| F|  |TAMS 0x0000000085c00000| PB 0x0000000085c00000| Untracked |  0
|  29|0x0000000085d00000, 0x0000000085d00000, 0x0000000085e00000|  0%| F|  |TAMS 0x0000000085d00000| PB 0x0000000085d00000| Untracked |  0
|  30|0x0000000085e00000, 0x0000000085e00000, 0x0000000085f00000|  0%| F|  |TAMS 0x0000000085e00000| PB 0x0000000085e00000| Untracked |  0
|  31|0x0000000085f00000, 0x0000000085f00000, 0x0000000086000000|  0%| F|  |TAMS 0x0000000085f00000| PB 0x0000000085f00000| Untracked |  0
|  32|0x0000000086000000, 0x0000000086000000, 0x0000000086100000|  0%| F|  |TAMS 0x0000000086000000| PB 0x0000000086000000| Untracked |  0
|  33|0x0000000086100000, 0x0000000086100000, 0x0000000086200000|  0%| F|  |TAMS 0x0000000086100000| PB 0x0000000086100000| Untracked |  0
|  34|0x0000000086200000, 0x0000000086200000, 0x0000000086300000|  0%| F|  |TAMS 0x0000000086200000| PB 0x0000000086200000| Untracked |  0
|  35|0x0000000086300000, 0x0000000086300000, 0x0000000086400000|  0%| F|  |TAMS 0x0000000086300000| PB 0x0000000086300000| Untracked |  0
|  36|0x0000000086400000, 0x0000000086400000, 0x0000000086500000|  0%| F|  |TAMS 0x0000000086400000| PB 0x0000000086400000| Untracked |  0
|  37|0x0000000086500000, 0x0000000086500000, 0x0000000086600000|  0%| F|  |TAMS 0x0000000086500000| PB 0x0000000086500000| Untracked |  0
|  38|0x0000000086600000, 0x0000000086600000, 0x0000000086700000|  0%| F|  |TAMS 0x0000000086600000| PB 0x0000000086600000| Untracked |  0
|  39|0x0000000086700000, 0x0000000086700000, 0x0000000086800000|  0%| F|  |TAMS 0x0000000086700000| PB 0x0000000086700000| Untracked |  0
|  40|0x0000000086800000, 0x0000000086800000, 0x0000000086900000|  0%| F|  |TAMS 0x0000000086800000| PB 0x0000000086800000| Untracked |  0
|  41|0x0000000086900000, 0x0000000086900000, 0x0000000086a00000|  0%| F|  |TAMS 0x0000000086900000| PB 0x0000000086900000| Untracked |  0
|  42|0x0000000086a00000, 0x0000000086a00000, 0x0000000086b00000|  0%| F|  |TAMS 0x0000000086a00000| PB 0x0000000086a00000| Untracked |  0
|  43|0x0000000086b00000, 0x0000000086b00000, 0x0000000086c00000|  0%| F|  |TAMS 0x0000000086b00000| PB 0x0000000086b00000| Untracked |  0
|  44|0x0000000086c00000, 0x0000000086c00000, 0x0000000086d00000|  0%| F|  |TAMS 0x0000000086c00000| PB 0x0000000086c00000| Untracked |  0
|  45|0x0000000086d00000, 0x0000000086d00000, 0x0000000086e00000|  0%| F|  |TAMS 0x0000000086d00000| PB 0x0000000086d00000| Untracked |  0
|  46|0x0000000086e00000, 0x0000000086e00000, 0x0000000086f00000|  0%| F|  |TAMS 0x0000000086e00000| PB 0x0000000086e00000| Untracked |  0
|  47|0x0000000086f00000, 0x0000000086f00000, 0x0000000087000000|  0%| F|  |TAMS 0x0000000086f00000| PB 0x0000000086f00000| Untracked |  0
|  48|0x0000000087000000, 0x0000000087000000, 0x0000000087100000|  0%| F|  |TAMS 0x0000000087000000| PB 0x0000000087000000| Untracked |  0
|  49|0x0000000087100000, 0x0000000087100000, 0x0000000087200000|  0%| F|  |TAMS 0x0000000087100000| PB 0x0000000087100000| Untracked |  0
|  50|0x0000000087200000, 0x0000000087200000, 0x0000000087300000|  0%| F|  |TAMS 0x0000000087200000| PB 0x0000000087200000| Untracked |  0
|  51|0x0000000087300000, 0x0000000087300000, 0x0000000087400000|  0%| F|  |TAMS 0x0000000087300000| PB 0x0000000087300000| Untracked |  0
|  52|0x0000000087400000, 0x0000000087400000, 0x0000000087500000|  0%| F|  |TAMS 0x0000000087400000| PB 0x0000000087400000| Untracked |  0
|  53|0x0000000087500000, 0x0000000087500000, 0x0000000087600000|  0%| F|  |TAMS 0x0000000087500000| PB 0x0000000087500000| Untracked |  0
|  54|0x0000000087600000, 0x0000000087600000, 0x0000000087700000|  0%| F|  |TAMS 0x0000000087600000| PB 0x0000000087600000| Untracked |  0
|  55|0x0000000087700000, 0x0000000087700000, 0x0000000087800000|  0%| F|  |TAMS 0x0000000087700000| PB 0x0000000087700000| Untracked |  0
|  56|0x0000000087800000, 0x0000000087800000, 0x0000000087900000|  0%| F|  |TAMS 0x0000000087800000| PB 0x0000000087800000| Untracked |  0
|  57|0x0000000087900000, 0x0000000087900000, 0x0000000087a00000|  0%| F|  |TAMS 0x0000000087900000| PB 0x0000000087900000| Untracked |  0
|  58|0x0000000087a00000, 0x0000000087a00000, 0x0000000087b00000|  0%| F|  |TAMS 0x0000000087a00000| PB 0x0000000087a00000| Untracked |  0
|  59|0x0000000087b00000, 0x0000000087b00000, 0x0000000087c00000|  0%| F|  |TAMS 0x0000000087b00000| PB 0x0000000087b00000| Untracked |  0
|  60|0x0000000087c00000, 0x0000000087c00000, 0x0000000087d00000|  0%| F|  |TAMS 0x0000000087c00000| PB 0x0000000087c00000| Untracked |  0
|  61|0x0000000087d00000, 0x0000000087d00000, 0x0000000087e00000|  0%| F|  |TAMS 0x0000000087d00000| PB 0x0000000087d00000| Untracked |  0
|  62|0x0000000087e00000, 0x0000000087e00000, 0x0000000087f00000|  0%| F|  |TAMS 0x0000000087e00000| PB 0x0000000087e00000| Untracked |  0
|  63|0x0000000087f00000, 0x0000000087f00000, 0x0000000088000000|  0%| F|  |TAMS 0x0000000087f00000| PB 0x0000000087f00000| Untracked |  0
|  64|0x0000000088000000, 0x0000000088000000, 0x0000000088100000|  0%| F|  |TAMS 0x0000000088000000| PB 0x0000000088000000| Untracked |  0
|  65|0x0000000088100000, 0x0000000088100000, 0x0000000088200000|  0%| F|  |TAMS 0x0000000088100000| PB 0x0000000088100000| Untracked |  0
|  66|0x0000000088200000, 0x0000000088200000, 0x0000000088300000|  0%| F|  |TAMS 0x0000000088200000| PB 0x0000000088200000| Untracked |  0
|  67|0x0000000088300000, 0x0000000088300000, 0x0000000088400000|  0%| F|  |TAMS 0x0000000088300000| PB 0x0000000088300000| Untracked |  0
|  68|0x0000000088400000, 0x0000000088400000, 0x0000000088500000|  0%| F|  |TAMS 0x0000000088400000| PB 0x0000000088400000| Untracked |  0
|  69|0x0000000088500000, 0x0000000088500000, 0x0000000088600000|  0%| F|  |TAMS 0x0000000088500000| PB 0x0000000088500000| Untracked |  0
|  70|0x0000000088600000, 0x0000000088600000, 0x0000000088700000|  0%| F|  |TAMS 0x0000000088600000| PB 0x0000000088600000| Untracked |  0
|  71|0x0000000088700000, 0x0000000088700000, 0x0000000088800000|  0%| F|  |TAMS 0x0000000088700000| PB 0x0000000088700000| Untracked |  0
|  72|0x0000000088800000, 0x0000000088800000, 0x0000000088900000|  0%| F|  |TAMS 0x0000000088800000| PB 0x0000000088800000| Untracked |  0
|  73|0x0000000088900000, 0x0000000088900000, 0x0000000088a00000|  0%| F|  |TAMS 0x0000000088900000| PB 0x0000000088900000| Untracked |  0
|  74|0x0000000088a00000, 0x0000000088a00000, 0x0000000088b00000|  0%| F|  |TAMS 0x0000000088a00000| PB 0x0000000088a00000| Untracked |  0
|  75|0x0000000088b00000, 0x0000000088b00000, 0x0000000088c00000|  0%| F|  |TAMS 0x0000000088b00000| PB 0x0000000088b00000| Untracked |  0
|  76|0x0000000088c00000, 0x0000000088c00000, 0x0000000088d00000|  0%| F|  |TAMS 0x0000000088c00000| PB 0x0000000088c00000| Untracked |  0
|  77|0x0000000088d00000, 0x0000000088d00000, 0x0000000088e00000|  0%| F|  |TAMS 0x0000000088d00000| PB 0x0000000088d00000| Untracked |  0
|  78|0x0000000088e00000, 0x0000000088e00000, 0x0000000088f00000|  0%| F|  |TAMS 0x0000000088e00000| PB 0x0000000088e00000| Untracked |  0
|  79|0x0000000088f00000, 0x0000000088f00000, 0x0000000089000000|  0%| F|  |TAMS 0x0000000088f00000| PB 0x0000000088f00000| Untracked |  0
|  80|0x0000000089000000, 0x0000000089000000, 0x0000000089100000|  0%| F|  |TAMS 0x0000000089000000| PB 0x0000000089000000| Untracked |  0
|  81|0x0000000089100000, 0x0000000089100000, 0x0000000089200000|  0%| F|  |TAMS 0x0000000089100000| PB 0x0000000089100000| Untracked |  0
|  82|0x0000000089200000, 0x0000000089200000, 0x0000000089300000|  0%| F|  |TAMS 0x0000000089200000| PB 0x0000000089200000| Untracked |  0
|  83|0x0000000089300000, 0x0000000089300000, 0x0000000089400000|  0%| F|  |TAMS 0x0000000089300000| PB 0x0000000089300000| Untracked |  0
|  84|0x0000000089400000, 0x0000000089400000, 0x0000000089500000|  0%| F|  |TAMS 0x0000000089400000| PB 0x0000000089400000| Untracked |  0
|  85|0x0000000089500000, 0x0000000089500000, 0x0000000089600000|  0%| F|  |TAMS 0x0000000089500000| PB 0x0000000089500000| Untracked |  0
|  86|0x0000000089600000, 0x0000000089600000, 0x0000000089700000|  0%| F|  |TAMS 0x0000000089600000| PB 0x0000000089600000| Untracked |  0
|  87|0x0000000089700000, 0x0000000089700000, 0x0000000089800000|  0%| F|  |TAMS 0x0000000089700000| PB 0x0000000089700000| Untracked |  0
|  88|0x0000000089800000, 0x0000000089800000, 0x0000000089900000|  0%| F|  |TAMS 0x0000000089800000| PB 0x0000000089800000| Untracked |  0
|  89|0x0000000089900000, 0x0000000089900000, 0x0000000089a00000|  0%| F|  |TAMS 0x0000000089900000| PB 0x0000000089900000| Untracked |  0
|  90|0x0000000089a00000, 0x0000000089a00000, 0x0000000089b00000|  0%| F|  |TAMS 0x0000000089a00000| PB 0x0000000089a00000| Untracked |  0
|  91|0x0000000089b00000, 0x0000000089b00000, 0x0000000089c00000|  0%| F|  |TAMS 0x0000000089b00000| PB 0x0000000089b00000| Untracked |  0
|  92|0x0000000089c00000, 0x0000000089c00000, 0x0000000089d00000|  0%| F|  |TAMS 0x0000000089c00000| PB 0x0000000089c00000| Untracked |  0
|  93|0x0000000089d00000, 0x0000000089d00000, 0x0000000089e00000|  0%| F|  |TAMS 0x0000000089d00000| PB 0x0000000089d00000| Untracked |  0
|  94|0x0000000089e00000, 0x0000000089e00000, 0x0000000089f00000|  0%| F|  |TAMS 0x0000000089e00000| PB 0x0000000089e00000| Untracked |  0
|  95|0x0000000089f00000, 0x0000000089f00000, 0x000000008a000000|  0%| F|  |TAMS 0x0000000089f00000| PB 0x0000000089f00000| Untracked |  0
|  96|0x000000008a000000, 0x000000008a000000, 0x000000008a100000|  0%| F|  |TAMS 0x000000008a000000| PB 0x000000008a000000| Untracked |  0
|  97|0x000000008a100000, 0x000000008a200000, 0x000000008a200000|100%| S|CS|TAMS 0x000000008a100000| PB 0x000000008a100000| Complete |  0
|  98|0x000000008a200000, 0x000000008a300000, 0x000000008a300000|100%| S|CS|TAMS 0x000000008a200000| PB 0x000000008a200000| Complete |  0
|  99|0x000000008a300000, 0x000000008a400000, 0x000000008a400000|100%| S|CS|TAMS 0x000000008a300000| PB 0x000000008a300000| Complete |  0
| 100|0x000000008a400000, 0x000000008a400000, 0x000000008a500000|  0%| F|  |TAMS 0x000000008a400000| PB 0x000000008a400000| Untracked |  0
| 101|0x000000008a500000, 0x000000008a500000, 0x000000008a600000|  0%| F|  |TAMS 0x000000008a500000| PB 0x000000008a500000| Untracked |  0
| 102|0x000000008a600000, 0x000000008a600000, 0x000000008a700000|  0%| F|  |TAMS 0x000000008a600000| PB 0x000000008a600000| Untracked |  0
| 103|0x000000008a700000, 0x000000008a700000, 0x000000008a800000|  0%| F|  |TAMS 0x000000008a700000| PB 0x000000008a700000| Untracked |  0
| 104|0x000000008a800000, 0x000000008a800000, 0x000000008a900000|  0%| F|  |TAMS 0x000000008a800000| PB 0x000000008a800000| Untracked |  0
| 105|0x000000008a900000, 0x000000008a900000, 0x000000008aa00000|  0%| F|  |TAMS 0x000000008a900000| PB 0x000000008a900000| Untracked |  0
| 106|0x000000008aa00000, 0x000000008aa00000, 0x000000008ab00000|  0%| F|  |TAMS 0x000000008aa00000| PB 0x000000008aa00000| Untracked |  0
| 107|0x000000008ab00000, 0x000000008ab00000, 0x000000008ac00000|  0%| F|  |TAMS 0x000000008ab00000| PB 0x000000008ab00000| Untracked |  0
| 108|0x000000008ac00000, 0x000000008ac00000, 0x000000008ad00000|  0%| F|  |TAMS 0x000000008ac00000| PB 0x000000008ac00000| Untracked |  0
| 109|0x000000008ad00000, 0x000000008ad00000, 0x000000008ae00000|  0%| F|  |TAMS 0x000000008ad00000| PB 0x000000008ad00000| Untracked |  0
| 110|0x000000008ae00000, 0x000000008ae00000, 0x000000008af00000|  0%| F|  |TAMS 0x000000008ae00000| PB 0x000000008ae00000| Untracked |  0
| 111|0x000000008af00000, 0x000000008af00000, 0x000000008b000000|  0%| F|  |TAMS 0x000000008af00000| PB 0x000000008af00000| Untracked |  0
| 112|0x000000008b000000, 0x000000008b000000, 0x000000008b100000|  0%| F|  |TAMS 0x000000008b000000| PB 0x000000008b000000| Untracked |  0
| 113|0x000000008b100000, 0x000000008b100000, 0x000000008b200000|  0%| F|  |TAMS 0x000000008b100000| PB 0x000000008b100000| Untracked |  0
| 114|0x000000008b200000, 0x000000008b200000, 0x000000008b300000|  0%| F|  |TAMS 0x000000008b200000| PB 0x000000008b200000| Untracked |  0
| 115|0x000000008b300000, 0x000000008b300000, 0x000000008b400000|  0%| F|  |TAMS 0x000000008b300000| PB 0x000000008b300000| Untracked |  0
| 116|0x000000008b400000, 0x000000008b400000, 0x000000008b500000|  0%| F|  |TAMS 0x000000008b400000| PB 0x000000008b400000| Untracked |  0
| 117|0x000000008b500000, 0x000000008b500000, 0x000000008b600000|  0%| F|  |TAMS 0x000000008b500000| PB 0x000000008b500000| Untracked |  0
| 118|0x000000008b600000, 0x000000008b600000, 0x000000008b700000|  0%| F|  |TAMS 0x000000008b600000| PB 0x000000008b600000| Untracked |  0
| 119|0x000000008b700000, 0x000000008b700000, 0x000000008b800000|  0%| F|  |TAMS 0x000000008b700000| PB 0x000000008b700000| Untracked |  0
| 120|0x000000008b800000, 0x000000008b800000, 0x000000008b900000|  0%| F|  |TAMS 0x000000008b800000| PB 0x000000008b800000| Untracked |  0
| 121|0x000000008b900000, 0x000000008b9c6a40, 0x000000008ba00000| 77%| E|  |TAMS 0x000000008b900000| PB 0x000000008b900000| Complete |  0
| 122|0x000000008ba00000, 0x000000008bb00000, 0x000000008bb00000|100%| E|CS|TAMS 0x000000008ba00000| PB 0x000000008ba00000| Complete |  0
| 123|0x000000008bb00000, 0x000000008bc00000, 0x000000008bc00000|100%| E|CS|TAMS 0x000000008bb00000| PB 0x000000008bb00000| Complete |  0

Card table byte_map: [0x000001df21ad0000,0x000001df21eb0000] _byte_map_base: 0x000001df216b0000

Marking Bits: (CMBitMap*) 0x000001df07f92d10
 Bits: [0x000001df21eb0000, 0x000001df23db0000)

Polling page: 0x000001df08000000

Metaspace:

Usage:
  Non-class:     11.71 MB used.
      Class:      1.46 MB used.
       Both:     13.18 MB used.

Virtual space:
  Non-class space:       64.00 MB reserved,      11.88 MB ( 19%) committed,  1 nodes.
      Class space:        1.00 GB reserved,       1.62 MB ( <1%) committed,  1 nodes.
             Both:        1.06 GB reserved,      13.50 MB (  1%) committed. 

Chunk freelists:
   Non-Class:  4.07 MB
       Class:  14.19 MB
        Both:  18.26 MB

MaxMetaspaceSize: unlimited
CompressedClassSpaceSize: 1.00 GB
Initial GC threshold: 21.00 MB
Current GC threshold: 21.00 MB
CDS: on
 - commit_granule_bytes: 65536.
 - commit_granule_words: 8192.
 - virtual_space_node_default_size: 8388608.
 - enlarge_chunks_in_place: 1.
 - use_allocation_guard: 0.


Internal statistics:

num_allocs_failed_limit: 0.
num_arena_births: 406.
num_arena_deaths: 0.
num_vsnodes_births: 2.
num_vsnodes_deaths: 0.
num_space_committed: 216.
num_space_uncommitted: 0.
num_chunks_returned_to_freelist: 0.
num_chunks_taken_from_freelist: 543.
num_chunk_merges: 0.
num_chunk_splits: 310.
num_chunks_enlarged: 107.
num_inconsistent_stats: 0.

CodeHeap 'non-profiled nmethods': size=120000Kb used=743Kb max_used=743Kb free=119256Kb
 bounds [0x000001df19540000, 0x000001df197b0000, 0x000001df20a70000]
CodeHeap 'profiled nmethods': size=120000Kb used=4181Kb max_used=4181Kb free=115818Kb
 bounds [0x000001df11a70000, 0x000001df11e90000, 0x000001df18fa0000]
CodeHeap 'non-nmethods': size=5760Kb used=1816Kb max_used=1833Kb free=3943Kb
 bounds [0x000001df18fa0000, 0x000001df19210000, 0x000001df19540000]
 total_blobs=3039 nmethods=2368 adapters=575
 compilation: enabled
              stopped_count=0, restarted_count=0
 full_count=0

Compilation events (20 events):
Event: 10.632 Thread 0x000001df26ab11a0 nmethod 2360 0x000001df11e7fd10 code [0x000001df11e7fec0, 0x000001df11e80168]
Event: 10.632 Thread 0x000001df26ab11a0 2357       1       javax.swing.plaf.basic.BasicMenuItemUI::getPropertyPrefix (3 bytes)
Event: 10.632 Thread 0x000001df26ab11a0 nmethod 2357 0x000001df195f9710 code [0x000001df195f98a0, 0x000001df195f9970]
Event: 10.632 Thread 0x000001df26ab11a0 2361       3       java.awt.geom.Point2D$Float::setLocation (13 bytes)
Event: 10.632 Thread 0x000001df26ab0600 2362   !   4       java.awt.GradientPaintContext::<init> (649 bytes)
Event: 10.632 Thread 0x000001df26ab11a0 nmethod 2361 0x000001df11e80290 code [0x000001df11e80420, 0x000001df11e80540]
Event: 10.633 Thread 0x000001df26ab11a0 2363       3       sun.awt.image.SurfaceManager::setManager (9 bytes)
Event: 10.633 Thread 0x000001df26ab11a0 nmethod 2363 0x000001df11e80610 code [0x000001df11e807c0, 0x000001df11e80978]
Event: 10.633 Thread 0x000001df26ab11a0 2364       3       java.awt.Image$1::setSurfaceManager (6 bytes)
Event: 10.633 Thread 0x000001df26ab11a0 nmethod 2364 0x000001df11e80a90 code [0x000001df11e80c20, 0x000001df11e80d80]
Event: 10.633 Thread 0x000001df26ab11a0 2366       3       sun.java2d.SunGraphics2D::create (8 bytes)
Event: 10.633 Thread 0x000001df26ab11a0 nmethod 2366 0x000001df11e80e90 code [0x000001df11e81040, 0x000001df11e81248]
Event: 10.633 Thread 0x000001df26ab11a0 2367   !   3       sun.java2d.SunGraphics2D::clone (114 bytes)
Event: 10.634 Thread 0x000001df26ab11a0 nmethod 2367 0x000001df11e81310 code [0x000001df11e81560, 0x000001df11e82050]
Event: 10.634 Thread 0x000001df26ab11a0 2368       3       sun.java2d.SunGraphics2D::transformShape (128 bytes)
Event: 10.634 Thread 0x000001df26ab11a0 nmethod 2368 0x000001df11e82490 code [0x000001df11e82760, 0x000001df11e83670]
Event: 10.634 Thread 0x000001df26ab11a0 2369       3       sun.util.locale.LocaleUtils::toLowerString (95 bytes)
Event: 10.635 Thread 0x000001df26ab11a0 nmethod 2369 0x000001df11e83a90 code [0x000001df11e83d60, 0x000001df11e84e00]
Event: 10.635 Thread 0x000001df26ab11a0 2370       1       javax.swing.JComponent::isPaintingOrigin (2 bytes)
Event: 10.635 Thread 0x000001df26ab11a0 nmethod 2370 0x000001df195f9a10 code [0x000001df195f9ba0, 0x000001df195f9c68]

GC Heap History (2 events):
Event: 9.609 GC heap before
{Heap before GC invocations=0 (full 0):
 garbage-first heap   total reserved 2031616K, committed 126976K, used 32768K [0x0000000084000000, 0x0000000100000000)
  region size 1024K, 24 young (24576K), 0 survivors (0K)
 Metaspace       used 13422K, committed 13760K, reserved 1114112K
  class space    used 1498K, committed 1664K, reserved 1048576K
}
Event: 9.614 GC heap after
{Heap after GC invocations=1 (full 0):
 garbage-first heap   total reserved 2031616K, committed 126976K, used 12314K [0x0000000084000000, 0x0000000100000000)
  region size 1024K, 3 young (3072K), 3 survivors (3072K)
 Metaspace       used 13422K, committed 13760K, reserved 1114112K
  class space    used 1498K, committed 1664K, reserved 1048576K
}

Dll operation events (15 events):
Event: 0.011 Loaded shared library C:\Users\Asus\.jdks\openjdk-22.0.2\bin\java.dll
Event: 0.043 Loaded shared library C:\Users\Asus\.jdks\openjdk-22.0.2\bin\jsvml.dll
Event: 0.071 Loaded shared library C:\Users\Asus\.jdks\openjdk-22.0.2\bin\zip.dll
Event: 0.074 Loaded shared library C:\Users\Asus\.jdks\openjdk-22.0.2\bin\instrument.dll
Event: 0.078 Loaded shared library C:\Users\Asus\.jdks\openjdk-22.0.2\bin\net.dll
Event: 0.079 Loaded shared library C:\Users\Asus\.jdks\openjdk-22.0.2\bin\nio.dll
Event: 0.083 Loaded shared library C:\Users\Asus\.jdks\openjdk-22.0.2\bin\zip.dll
Event: 0.092 Loaded shared library E:\IntelliJ IDEA 2024.2.1\bin\breakgen64.dll
Event: 0.099 Loaded shared library C:\Users\Asus\.jdks\openjdk-22.0.2\bin\extnet.dll
Event: 0.103 Loaded shared library C:\Users\Asus\.jdks\openjdk-22.0.2\bin\jimage.dll
Event: 0.125 Loaded shared library C:\Users\Asus\.jdks\openjdk-22.0.2\bin\awt.dll
Event: 0.337 Loaded shared library C:\Users\Asus\.jdks\openjdk-22.0.2\bin\management.dll
Event: 0.350 Loaded shared library C:\Users\Asus\.jdks\openjdk-22.0.2\bin\management_ext.dll
Event: 0.445 Loaded shared library C:\Users\Asus\.jdks\openjdk-22.0.2\bin\freetype.dll
Event: 0.450 Loaded shared library C:\Users\Asus\.jdks\openjdk-22.0.2\bin\fontmanager.dll

Deoptimization events (20 events):
Event: 6.327 Thread 0x000001df6d62e3b0 Uncommon trap: trap_request=0xffffffde fr.pc=0x000001df195562c8 relative=0x00000000000001a8
Event: 6.327 Thread 0x000001df6d62e3b0 Uncommon trap: reason=class_check action=maybe_recompile pc=0x000001df195562c8 method=java.lang.String.equals(Ljava/lang/Object;)Z @ 8 c2
Event: 6.327 Thread 0x000001df6d62e3b0 DEOPT PACKING pc=0x000001df195562c8 sp=0x000000c95cdfe0a0
Event: 6.327 Thread 0x000001df6d62e3b0 DEOPT UNPACKING pc=0x000001df18ff7da2 sp=0x000000c95cdfe038 mode 2
Event: 6.832 Thread 0x000001df6d62e3b0 Uncommon trap: trap_request=0xffffffde fr.pc=0x000001df195562c8 relative=0x00000000000001a8
Event: 6.832 Thread 0x000001df6d62e3b0 Uncommon trap: reason=class_check action=maybe_recompile pc=0x000001df195562c8 method=java.lang.String.equals(Ljava/lang/Object;)Z @ 8 c2
Event: 6.832 Thread 0x000001df6d62e3b0 DEOPT PACKING pc=0x000001df195562c8 sp=0x000000c95cdfe010
Event: 6.832 Thread 0x000001df6d62e3b0 DEOPT UNPACKING pc=0x000001df18ff7da2 sp=0x000000c95cdfdfa8 mode 2
Event: 9.205 Thread 0x000001df6d62e3b0 DEOPT PACKING pc=0x000001df11cade8d sp=0x000000c95cdfcf80
Event: 9.205 Thread 0x000001df6d62e3b0 DEOPT UNPACKING pc=0x000001df18ff88e2 sp=0x000000c95cdfc460 mode 0
Event: 9.614 Thread 0x000001df6d62e3b0 Uncommon trap: trap_request=0xffffff45 fr.pc=0x000001df19599114 relative=0x00000000000000f4
Event: 9.614 Thread 0x000001df6d62e3b0 Uncommon trap: reason=unstable_if action=reinterpret pc=0x000001df19599114 method=java.lang.ref.SoftReference.get()Ljava/lang/Object; @ 17 c2
Event: 9.614 Thread 0x000001df6d62e3b0 DEOPT PACKING pc=0x000001df19599114 sp=0x000000c95cdfd250
Event: 9.614 Thread 0x000001df6d62e3b0 DEOPT UNPACKING pc=0x000001df18ff7da2 sp=0x000000c95cdfd200 mode 2
Event: 10.392 Thread 0x000001df6d62e3b0 Uncommon trap: trap_request=0xffffff45 fr.pc=0x000001df195e0304 relative=0x0000000000000144
Event: 10.392 Thread 0x000001df6d62e3b0 Uncommon trap: reason=unstable_if action=reinterpret pc=0x000001df195e0304 method=java.lang.ref.SoftReference.get()Ljava/lang/Object; @ 17 c2
Event: 10.392 Thread 0x000001df6d62e3b0 DEOPT PACKING pc=0x000001df195e0304 sp=0x000000c95cdfe0a0
Event: 10.392 Thread 0x000001df6d62e3b0 DEOPT UNPACKING pc=0x000001df18ff7da2 sp=0x000000c95cdfdfe8 mode 2
Event: 10.632 Thread 0x000001df6d62e3b0 DEOPT PACKING pc=0x000001df11dd0991 sp=0x000000c95cdfcca0
Event: 10.632 Thread 0x000001df6d62e3b0 DEOPT UNPACKING pc=0x000001df18ff88e2 sp=0x000000c95cdfc178 mode 0

Classes loaded (20 events):
Event: 6.329 Loading class javax/swing/JApplet
Event: 6.329 Loading class javax/swing/JApplet done
Event: 6.331 Loading class javax/swing/CellRendererPane
Event: 6.331 Loading class javax/swing/CellRendererPane done
Event: 6.331 Loading class javax/swing/RepaintManager$3
Event: 6.332 Loading class javax/swing/RepaintManager$3 done
Event: 6.336 Loading class sun/awt/UngrabEvent
Event: 6.336 Loading class sun/awt/UngrabEvent done
Event: 6.415 Loading class javax/swing/event/MenuDragMouseEvent
Event: 6.415 Loading class javax/swing/event/MenuDragMouseEvent done
Event: 6.831 Loading class javax/swing/plaf/basic/BasicMenuItemUI$Actions
Event: 6.831 Loading class javax/swing/plaf/basic/BasicMenuItemUI$Actions done
Event: 6.831 Loading class javax/swing/JCheckBoxMenuItem
Event: 6.831 Loading class javax/swing/JCheckBoxMenuItem done
Event: 6.831 Loading class javax/swing/JRadioButtonMenuItem
Event: 6.832 Loading class javax/swing/JRadioButtonMenuItem done
Event: 6.833 Loading class javax/swing/plaf/basic/BasicPopupMenuUI$MouseGrabber$2
Event: 6.833 Loading class javax/swing/plaf/basic/BasicPopupMenuUI$MouseGrabber$2 done
Event: 6.833 Loading class jdk/internal/event/ThreadSleepEvent
Event: 6.833 Loading class jdk/internal/event/ThreadSleepEvent done

Classes unloaded (0 events):
No events

Classes redefined (0 events):
No events

Internal exceptions (20 events):
Event: 0.392 Thread 0x000001df26a990d0 Exception <a 'java/lang/NoSuchMethodError'{0x000000008b3b7540}: 'int java.lang.invoke.DirectMethodHandle$Holder.invokeSpecial(java.lang.Object, java.lang.Object, java.lang.Object)'> (0x000000008b3b7540) 
thrown [s\open\src\hotspot\share\interpreter\linkResolver.cpp, line 774]
Event: 0.406 Thread 0x000001df26a96970 Exception <a 'java/lang/NoSuchMethodError'{0x000000008b60e4e8}: 'void java.lang.invoke.DirectMethodHandle$Holder.invokeVirtual(java.lang.Object, java.lang.Object)'> (0x000000008b60e4e8) 
thrown [s\open\src\hotspot\share\interpreter\linkResolver.cpp, line 774]
Event: 0.431 Thread 0x000001df26a990d0 Exception <a 'java/lang/NoSuchMethodError'{0x000000008b161538}: 'java.lang.Object java.lang.invoke.DirectMethodHandle$Holder.invokeStaticInit(java.lang.Object, java.lang.Object, java.lang.Object)'> (0x000000008b161538) 
thrown [s\open\src\hotspot\share\interpreter\linkResolver.cpp, line 774]
Event: 0.435 Thread 0x000001df07f3a9a0 Exception <a 'java/lang/NoSuchMethodError'{0x000000008b368e58}: 'void java.lang.invoke.DirectMethodHandle$Holder.invokeStaticInit(java.lang.Object)'> (0x000000008b368e58) 
thrown [s\open\src\hotspot\share\interpreter\linkResolver.cpp, line 774]
Event: 0.517 Thread 0x000001df26a990d0 Exception <a 'java/lang/NoSuchMethodError'{0x000000008ad045d0}: 'java.lang.Object java.lang.invoke.DirectMethodHandle$Holder.invokeStaticInit(java.lang.Object, int, int, int, int)'> (0x000000008ad045d0) 
thrown [s\open\src\hotspot\share\interpreter\linkResolver.cpp, line 774]
Event: 0.534 Thread 0x000001df26a990d0 Exception <a 'java/lang/NoSuchMethodError'{0x000000008ad8b3e0}: 'java.lang.Object java.lang.invoke.DirectMethodHandle$Holder.invokeStaticInit(java.lang.Object, java.lang.Object, int, int, int, int)'> (0x000000008ad8b3e0) 
thrown [s\open\src\hotspot\share\interpreter\linkResolver.cpp, line 774]
Event: 0.560 Thread 0x000001df26a990d0 Exception <a 'java/lang/ClassNotFoundException'{0x000000008ada6fd8}: javax/management/remote/rmi/RMIServerImpl_Skel> (0x000000008ada6fd8) 
thrown [s\open\src\hotspot\share\classfile\systemDictionary.cpp, line 313]
Event: 0.682 Thread 0x000001df6d62b5c0 Exception <a 'java/lang/NoSuchMethodError'{0x000000008ac56e38}: static [B.<clinit>()V> (0x000000008ac56e38) 
thrown [s\open\src\hotspot\share\prims\jni.cpp, line 1111]
Event: 0.697 Thread 0x000001df6d62b5c0 Exception <a 'java/lang/NoSuchMethodError'{0x000000008ac5aed0}: 'java.lang.Object java.lang.invoke.DirectMethodHandle$Holder.invokeInterface(java.lang.Object, java.lang.Object, java.lang.Object)'> (0x000000008ac5aed0) 
thrown [s\open\src\hotspot\share\interpreter\linkResolver.cpp, line 774]
Event: 0.707 Thread 0x000001df6d62b5c0 Exception <a 'java/lang/ClassNotFoundException'{0x000000008ab05be0}: javax/management/remote/rmi/RMIConnectionImpl_Skel> (0x000000008ab05be0) 
thrown [s\open\src\hotspot\share\classfile\systemDictionary.cpp, line 313]
Event: 0.708 Thread 0x000001df6d62bc50 Exception <a 'java/lang/NoSuchMethodError'{0x000000008aba7300}: 'java.lang.Object java.lang.invoke.Invokers$Holder.linkToTargetMethod(java.lang.Object, long, java.lang.Object)'> (0x000000008aba7300) 
thrown [s\open\src\hotspot\share\interpreter\linkResolver.cpp, line 774]
Event: 0.722 Thread 0x000001df6d62b5c0 Exception <a 'java/lang/NoSuchMethodError'{0x000000008ab251e8}: 'java.lang.Object java.lang.invoke.DirectMethodHandle$Holder.invokeInterface(java.lang.Object, java.lang.Object)'> (0x000000008ab251e8) 
thrown [s\open\src\hotspot\share\interpreter\linkResolver.cpp, line 774]
Event: 0.739 Thread 0x000001df6d62b5c0 Exception <a 'java/lang/NoSuchMethodError'{0x000000008ab40a08}: 'int java.lang.invoke.DelegatingMethodHandle$Holder.reinvoke_L(java.lang.Object, java.lang.Object, java.lang.Object, java.lang.Object, java.lang.Object)'> (0x000000008ab40a08) 
thrown [s\open\src\hotspot\share\interpreter\linkResolver.cpp, line 774]
Event: 0.762 Thread 0x000001df6d62b5c0 Exception <a 'java/lang/NoSuchMethodError'{0x000000008ab5c680}: 'java.lang.Object java.lang.invoke.DirectMethodHandle$Holder.invokeInterface(java.lang.Object, java.lang.Object, java.lang.Object, java.lang.Object, java.lang.Object)'> (0x000000008ab5c680) 
thrown [s\open\src\hotspot\share\interpreter\linkResolver.cpp, line 774]
Event: 0.766 Thread 0x000001df6d62b5c0 Exception <a 'java/lang/NoSuchMethodError'{0x000000008aa7fd20}: 'double java.lang.invoke.DirectMethodHandle$Holder.invokeInterface(java.lang.Object, java.lang.Object)'> (0x000000008aa7fd20) 
thrown [s\open\src\hotspot\share\interpreter\linkResolver.cpp, line 774]
Event: 0.767 Thread 0x000001df6d62b5c0 Exception <a 'java/lang/NoSuchMethodError'{0x000000008aa876c0}: 'double java.lang.invoke.DelegatingMethodHandle$Holder.reinvoke_L(java.lang.Object, java.lang.Object)'> (0x000000008aa876c0) 
thrown [s\open\src\hotspot\share\interpreter\linkResolver.cpp, line 774]
Event: 1.113 Thread 0x000001df6d62b5c0 Exception <a 'java/lang/NoSuchMethodError'{0x000000008aaa0870}: 'long java.lang.invoke.DirectMethodHandle$Holder.invokeVirtual(java.lang.Object, java.lang.Object)'> (0x000000008aaa0870) 
thrown [s\open\src\hotspot\share\interpreter\linkResolver.cpp, line 774]
Event: 1.114 Thread 0x000001df6d62b5c0 Exception <a 'java/lang/NoSuchMethodError'{0x000000008aaa3e50}: 'long java.lang.invoke.DelegatingMethodHandle$Holder.reinvoke_L(java.lang.Object, java.lang.Object)'> (0x000000008aaa3e50) 
thrown [s\open\src\hotspot\share\interpreter\linkResolver.cpp, line 774]
Event: 3.377 Thread 0x000001df6d62e3b0 Exception <a 'java/lang/NoSuchMethodError'{0x000000008a930388}: 'java.lang.Object java.lang.invoke.DirectMethodHandle$Holder.invokeSpecial(java.lang.Object, java.lang.Object, java.lang.Object, java.lang.Object, java.lang.Object, int)'> (0x000000008a930388) 
thrown [s\open\src\hotspot\share\interpreter\linkResolver.cpp, line 774]
Event: 3.377 Thread 0x000001df6d62e3b0 Exception <a 'java/lang/NoSuchMethodError'{0x000000008a933e08}: 'java.lang.Object java.lang.invoke.Invokers$Holder.linkToTargetMethod(java.lang.Object, java.lang.Object, java.lang.Object, int, java.lang.Object)'> (0x000000008a933e08) 
thrown [s\open\src\hotspot\share\interpreter\linkResolver.cpp, line 774]

ZGC Phase Switch (0 events):
No events

VM Operations (20 events):
Event: 1.709 Executing VM operation: Cleanup
Event: 1.709 Executing VM operation: Cleanup done
Event: 2.717 Executing VM operation: Cleanup
Event: 2.717 Executing VM operation: Cleanup done
Event: 3.727 Executing VM operation: Cleanup
Event: 3.727 Executing VM operation: Cleanup done
Event: 4.735 Executing VM operation: Cleanup
Event: 4.735 Executing VM operation: Cleanup done
Event: 5.749 Executing VM operation: Cleanup
Event: 5.749 Executing VM operation: Cleanup done
Event: 6.328 Executing VM operation: HandshakeAllThreads (Deoptimize)
Event: 6.328 Executing VM operation: HandshakeAllThreads (Deoptimize) done
Event: 7.332 Executing VM operation: Cleanup
Event: 7.332 Executing VM operation: Cleanup done
Event: 8.346 Executing VM operation: Cleanup
Event: 8.346 Executing VM operation: Cleanup done
Event: 9.361 Executing VM operation: Cleanup
Event: 9.361 Executing VM operation: Cleanup done
Event: 9.609 Executing VM operation: G1CollectForAllocation (G1 Evacuation Pause)
Event: 9.614 Executing VM operation: G1CollectForAllocation (G1 Evacuation Pause) done

Memory protections (0 events):
No events

Nmethod flushes (0 events):
No events

Events (20 events):
Event: 0.041 Thread 0x000001df07f3a9a0 Thread added: 0x000001df26a990d0
Event: 0.041 Thread 0x000001df07f3a9a0 Thread added: 0x000001df26a98a40
Event: 0.041 Thread 0x000001df07f3a9a0 Thread added: 0x000001df26a97000
Event: 0.041 Thread 0x000001df07f3a9a0 Thread added: 0x000001df26ab0600
Event: 0.041 Thread 0x000001df07f3a9a0 Thread added: 0x000001df26ab11a0
Event: 0.057 Thread 0x000001df07f3a9a0 Thread added: 0x000001df26a97690
Event: 0.093 Thread 0x000001df07f3a9a0 Thread added: 0x000001df26a97d20
Event: 0.093 Thread 0x000001df07f3a9a0 Thread added: 0x000001df26a983b0
Event: 0.252 Thread 0x000001df07f3a9a0 Thread added: 0x000001df26a99760
Event: 0.253 Thread 0x000001df07f3a9a0 Thread added: 0x000001df26a962e0
Event: 0.253 Thread 0x000001df07f3a9a0 Thread added: 0x000001df26a96970
Event: 0.306 Thread 0x000001df26ab11a0 Thread added: 0x000001df26f90580
Event: 0.410 Thread 0x000001df26a96970 Thread added: 0x000001df6d62e3b0
Event: 0.568 Thread 0x000001df26a990d0 Thread added: 0x000001df6d6287d0
Event: 0.647 Thread 0x000001df6d6287d0 Thread added: 0x000001df6d62b5c0
Event: 0.681 Thread 0x000001df07f3a9a0 Thread exited: 0x000001df07f3a9a0
Event: 0.681 Thread 0x000001df6d62fdf0 Thread added: 0x000001df6d62fdf0
Event: 0.681 Thread 0x000001df6d62b5c0 Thread added: 0x000001df6d62d000
Event: 0.703 Thread 0x000001df6d62b5c0 Thread added: 0x000001df6d62bc50
Event: 0.896 Thread 0x000001df26f90580 Thread exited: 0x000001df26f90580


Dynamic libraries:
0x00007ff601580000 - 0x00007ff60158e000 	C:\Users\Asus\.jdks\openjdk-22.0.2\bin\java.exe
0x00007ffccd810000 - 0x00007ffccda27000 	C:\WINDOWS\SYSTEM32\ntdll.dll
0x00007ffccc8f0000 - 0x00007ffccc9b4000 	C:\WINDOWS\System32\KERNEL32.DLL
0x00007ffccaf80000 - 0x00007ffccb32d000 	C:\WINDOWS\System32\KERNELBASE.dll
0x00007ffccaca0000 - 0x00007ffccadb1000 	C:\WINDOWS\System32\ucrtbase.dll
0x00007ffcc2c00000 - 0x00007ffcc2c1b000 	C:\Users\Asus\.jdks\openjdk-22.0.2\bin\VCRUNTIME140.dll
0x00007ffcc3390000 - 0x00007ffcc33a7000 	C:\Users\Asus\.jdks\openjdk-22.0.2\bin\jli.dll
0x00007ffccc9c0000 - 0x00007ffcccb6e000 	C:\WINDOWS\System32\USER32.dll
0x00007ffccadc0000 - 0x00007ffccade6000 	C:\WINDOWS\System32\win32u.dll
0x00007ffcb53c0000 - 0x00007ffcb5653000 	C:\WINDOWS\WinSxS\amd64_microsoft.windows.common-controls_6595b64144ccf1df_6.0.22621.3672_none_2713b9d173822955\COMCTL32.dll
0x00007ffccb540000 - 0x00007ffccb5e7000 	C:\WINDOWS\System32\msvcrt.dll
0x00007ffccb5f0000 - 0x00007ffccb619000 	C:\WINDOWS\System32\GDI32.dll
0x00007ffccae60000 - 0x00007ffccaf79000 	C:\WINDOWS\System32\gdi32full.dll
0x00007ffccb3b0000 - 0x00007ffccb44a000 	C:\WINDOWS\System32\msvcp_win.dll
0x00007ffccd1b0000 - 0x00007ffccd1e1000 	C:\WINDOWS\System32\IMM32.DLL
0x00007ffcc3380000 - 0x00007ffcc338c000 	C:\Users\Asus\.jdks\openjdk-22.0.2\bin\vcruntime140_1.dll
0x00007ffca2590000 - 0x00007ffca261e000 	C:\Users\Asus\.jdks\openjdk-22.0.2\bin\msvcp140.dll
0x00007ffc18c40000 - 0x00007ffc19989000 	C:\Users\Asus\.jdks\openjdk-22.0.2\bin\server\jvm.dll
0x00007ffccb730000 - 0x00007ffccb7e2000 	C:\WINDOWS\System32\ADVAPI32.dll
0x00007ffccbbd0000 - 0x00007ffccbc79000 	C:\WINDOWS\System32\sechost.dll
0x00007ffccb450000 - 0x00007ffccb478000 	C:\WINDOWS\System32\bcrypt.dll
0x00007ffccc660000 - 0x00007ffccc774000 	C:\WINDOWS\System32\RPCRT4.dll
0x00007ffccbc80000 - 0x00007ffccbcf1000 	C:\WINDOWS\System32\WS2_32.dll
0x00007ffcc99c0000 - 0x00007ffcc9a0d000 	C:\WINDOWS\SYSTEM32\POWRPROF.dll
0x00007ffcc39d0000 - 0x00007ffcc39da000 	C:\WINDOWS\SYSTEM32\VERSION.dll
0x00007ffcc35d0000 - 0x00007ffcc3604000 	C:\WINDOWS\SYSTEM32\WINMM.dll
0x00007ffcc99a0000 - 0x00007ffcc99b3000 	C:\WINDOWS\SYSTEM32\UMPDC.dll
0x00007ffcc9c50000 - 0x00007ffcc9c68000 	C:\WINDOWS\SYSTEM32\kernel.appcore.dll
0x00007ffcb6a30000 - 0x00007ffcb6a3a000 	C:\Users\Asus\.jdks\openjdk-22.0.2\bin\jimage.dll
0x00007ffcc8120000 - 0x00007ffcc8352000 	C:\WINDOWS\SYSTEM32\DBGHELP.DLL
0x00007ffccb840000 - 0x00007ffccbbcd000 	C:\WINDOWS\System32\combase.dll
0x00007ffccd070000 - 0x00007ffccd147000 	C:\WINDOWS\System32\OLEAUT32.dll
0x00007ffcb7710000 - 0x00007ffcb7742000 	C:\WINDOWS\SYSTEM32\dbgcore.DLL
0x00007ffccb330000 - 0x00007ffccb3ab000 	C:\WINDOWS\System32\bcryptPrimitives.dll
0x00007ffcc2820000 - 0x00007ffcc282f000 	C:\Users\Asus\.jdks\openjdk-22.0.2\bin\instrument.dll
0x00007ffcb50c0000 - 0x00007ffcb50de000 	C:\Users\Asus\.jdks\openjdk-22.0.2\bin\java.dll
0x00007ffccbdf0000 - 0x00007ffccc658000 	C:\WINDOWS\System32\SHELL32.dll
0x00007ffccd250000 - 0x00007ffccd3f5000 	C:\WINDOWS\System32\ole32.dll
0x00007ffcc8a90000 - 0x00007ffcc938e000 	C:\WINDOWS\SYSTEM32\windows.storage.dll
0x00007ffcc8950000 - 0x00007ffcc8a8f000 	C:\WINDOWS\SYSTEM32\wintypes.dll
0x00007ffccc790000 - 0x00007ffccc889000 	C:\WINDOWS\System32\SHCORE.dll
0x00007ffccd150000 - 0x00007ffccd1ae000 	C:\WINDOWS\System32\shlwapi.dll
0x00007ffccaa60000 - 0x00007ffccaa81000 	C:\WINDOWS\SYSTEM32\profapi.dll
0x00007ffc8de40000 - 0x00007ffc8df17000 	C:\Users\Asus\.jdks\openjdk-22.0.2\bin\jsvml.dll
0x00007ffca28b0000 - 0x00007ffca28c7000 	C:\Users\Asus\.jdks\openjdk-22.0.2\bin\zip.dll
0x00007ffcb6190000 - 0x00007ffcb61a0000 	C:\Users\Asus\.jdks\openjdk-22.0.2\bin\net.dll
0x00007ffcca0c0000 - 0x00007ffcca129000 	C:\WINDOWS\system32\mswsock.dll
0x00007ffcb50a0000 - 0x00007ffcb50b6000 	C:\Users\Asus\.jdks\openjdk-22.0.2\bin\nio.dll
0x00007ffcb7510000 - 0x00007ffcb752a000 	E:\IntelliJ IDEA 2024.2.1\bin\breakgen64.dll
0x00007ffcb5040000 - 0x00007ffcb5049000 	C:\Users\Asus\.jdks\openjdk-22.0.2\bin\extnet.dll
0x00007ffc4ce30000 - 0x00007ffc4cfbd000 	C:\Users\Asus\.jdks\openjdk-22.0.2\bin\awt.dll
0x00007ffcc2990000 - 0x00007ffcc2a27000 	C:\WINDOWS\SYSTEM32\apphelp.dll
0x00007ffcc54e0000 - 0x00007ffcc550b000 	C:\WINDOWS\system32\DWMAPI.DLL
0x00007ffcc52a0000 - 0x00007ffcc5350000 	C:\WINDOWS\system32\uxtheme.dll
0x00007ffc925c0000 - 0x00007ffc926c0000 	C:\WINDOWS\system32\opengl32.dll
0x00007ffc98060000 - 0x00007ffc9808d000 	C:\WINDOWS\SYSTEM32\GLU32.dll
0x00007ffcc7e00000 - 0x00007ffcc7e37000 	C:\WINDOWS\SYSTEM32\dxcore.dll
0x00007ffccd670000 - 0x00007ffccd7cb000 	C:\WINDOWS\System32\MSCTF.dll
0x00007ffcc96d0000 - 0x00007ffcc97c8000 	C:\WINDOWS\SYSTEM32\DNSAPI.dll
0x00007ffcc9660000 - 0x00007ffcc968d000 	C:\WINDOWS\SYSTEM32\IPHLPAPI.DLL
0x00007ffccb620000 - 0x00007ffccb629000 	C:\WINDOWS\System32\NSI.dll
0x00007ffcc3ac0000 - 0x00007ffcc3aca000 	C:\Windows\System32\rasadhlp.dll
0x00007ffcc3ca0000 - 0x00007ffcc3d23000 	C:\WINDOWS\System32\fwpuclnt.dll
0x00007ffca33b0000 - 0x00007ffca33ba000 	C:\Users\Asus\.jdks\openjdk-22.0.2\bin\management.dll
0x00007ffca2400000 - 0x00007ffca240b000 	C:\Users\Asus\.jdks\openjdk-22.0.2\bin\management_ext.dll
0x00007ffccc780000 - 0x00007ffccc788000 	C:\WINDOWS\System32\PSAPI.DLL
0x00007ffc8ddb0000 - 0x00007ffc8de37000 	C:\Users\Asus\.jdks\openjdk-22.0.2\bin\freetype.dll
0x00007ffc899f0000 - 0x00007ffc89ac7000 	C:\Users\Asus\.jdks\openjdk-22.0.2\bin\fontmanager.dll
0x00007ffcca320000 - 0x00007ffcca33b000 	C:\WINDOWS\SYSTEM32\CRYPTSP.dll
0x00007ffcc9bb0000 - 0x00007ffcc9be5000 	C:\WINDOWS\system32\rsaenh.dll
0x00007ffcca1c0000 - 0x00007ffcca1e8000 	C:\WINDOWS\SYSTEM32\USERENV.dll
0x00007ffcca340000 - 0x00007ffcca34c000 	C:\WINDOWS\SYSTEM32\CRYPTBASE.dll
0x00007ffc7e990000 - 0x00007ffc7e9a7000 	C:\WINDOWS\system32\napinsp.dll
0x00007ffc7e970000 - 0x00007ffc7e98b000 	C:\WINDOWS\system32\pnrpnsp.dll
0x00007ffc7e950000 - 0x00007ffc7e961000 	C:\WINDOWS\System32\winrnr.dll
0x00007ffc91e10000 - 0x00007ffc91e25000 	C:\WINDOWS\system32\wshbth.dll
0x00007ffc7e920000 - 0x00007ffc7e947000 	C:\WINDOWS\system32\nlansp_c.dll
0x00007ffcbdd30000 - 0x00007ffcbde7e000 	C:\WINDOWS\SYSTEM32\textinputframework.dll
0x00007ffc94100000 - 0x00007ffc94545000 	C:\WINDOWS\SYSTEM32\uiautomationcore.dll
0x00007ffcb52a0000 - 0x00007ffcb5309000 	C:\WINDOWS\SYSTEM32\OLEACC.dll
0x00007ffccd400000 - 0x00007ffccd4b0000 	C:\WINDOWS\System32\clbcatq.dll
0x00007ffcb39b0000 - 0x00007ffcb3a09000 	C:\WINDOWS\SYSTEM32\pdh.dll
0x00007ffcc2520000 - 0x00007ffcc2653000 	C:\WINDOWS\SYSTEM32\CoreMessaging.dll
0x00007ffcbe1f0000 - 0x00007ffcbe55d000 	C:\WINDOWS\SYSTEM32\CoreUIComponents.dll
0x00007ffc9d3e0000 - 0x00007ffc9d3f1000 	C:\WINDOWS\System32\perfproc.dll
0x00007ffcb7530000 - 0x00007ffcb7540000 	C:\WINDOWS\System32\perfos.dll
0x00007ffcc7e40000 - 0x00007ffcc7e50000 	C:\WINDOWS\SYSTEM32\pfclient.dll

dbghelp: loaded successfully - version: 4.0.5 - missing functions: none
symbol engine: initialized successfully - sym options: 0x614 - pdb path: .;C:\Users\Asus\.jdks\openjdk-22.0.2\bin;C:\WINDOWS\SYSTEM32;C:\WINDOWS\WinSxS\amd64_microsoft.windows.common-controls_6595b64144ccf1df_6.0.22621.3672_none_2713b9d173822955;C:\Users\Asus\.jdks\openjdk-22.0.2\bin\server;E:\IntelliJ IDEA 2024.2.1\bin

VM Arguments:
jvm_args: -javaagent:E:\IntelliJ IDEA 2024.2.1\lib\idea_rt.jar=4101:E:\IntelliJ IDEA 2024.2.1\bin -Dfile.encoding=UTF-8 -Dsun.stdout.encoding=UTF-8 -Dsun.stderr.encoding=UTF-8 
java_command: frames.OuterFrame
java_class_path (initial): C:\Users\Asus\2DFloorPlanner-main\out\production\2DFloorPlanner-main
Launcher Type: SUN_STANDARD

[Global flags]
     intx CICompilerCount                          = 4                                         {product} {ergonomic}
     uint ConcGCThreads                            = 3                                         {product} {ergonomic}
     uint G1ConcRefinementThreads                  = 10                                        {product} {ergonomic}
   size_t G1HeapRegionSize                         = 1048576                                   {product} {ergonomic}
   size_t InitialHeapSize                          = 130023424                                 {product} {ergonomic}
   size_t MarkStackSize                            = 4194304                                   {product} {ergonomic}
   size_t MaxHeapSize                              = 2080374784                                {product} {ergonomic}
   size_t MaxNewSize                               = 1247805440                                {product} {ergonomic}
   size_t MinHeapDeltaBytes                        = 1048576                                   {product} {ergonomic}
   size_t MinHeapSize                              = 8388608                                   {product} {ergonomic}
    uintx NonNMethodCodeHeapSize                   = 5839372                                {pd product} {ergonomic}
    uintx NonProfiledCodeHeapSize                  = 122909434                              {pd product} {ergonomic}
    uintx ProfiledCodeHeapSize                     = 122909434                              {pd product} {ergonomic}
    uintx ReservedCodeCacheSize                    = 251658240                              {pd product} {ergonomic}
     bool SegmentedCodeCache                       = true                                      {product} {ergonomic}
   size_t SoftMaxHeapSize                          = 2080374784                             {manageable} {ergonomic}
     bool UseCompressedOops                        = true                           {product lp64_product} {ergonomic}
     bool UseG1GC                                  = true                                      {product} {ergonomic}
     bool UseLargePagesIndividualAllocation        = false                                  {pd product} {ergonomic}

Logging:
Log output configuration:
 #0: stdout all=warning uptime,level,tags foldmultilines=false
 #1: stderr all=off uptime,level,tags foldmultilines=false

Environment Variables:
JAVA_HOME=C:\Program Files\jdk-22.0.2\bin
PATH=C:\Program Files\Common Files\Oracle\Java\javapath;C:\Program Files (x86)\Common Files\Oracle\Java\java8path;C:\Program Files (x86)\Common Files\Oracle\Java\javapath;C:\Windows\system32;C:\Windows;C:\Windows\System32\Wbem;C:\Windows\System32\WindowsPowerShell\v1.0\;C:\Windows\System32\OpenSSH\;C:\Program Files (x86)\NVIDIA Corporation\PhysX\Common;C:\Program Files\NVIDIA Corporation\NVIDIA NvDLISR;C:\WINDOWS\system32;C:\WINDOWS;C:\WINDOWS\System32\Wbem;C:\WINDOWS\System32\WindowsPowerShell\v1.0\;C:\WINDOWS\System32\OpenSSH\;C:\MinGW\bin;C:\Program Files\dotnet\;C:\Program Files\jdk-22.0.2\bin;E:\IntelliJ IDEA 2024.2.1\jbr\bin;E:\Git\cmd;C:\Users\Asus\AppData\Local\Microsoft\WindowsApps;C:\Users\Asus\AppData\Local\Programs\Microsoft VS Code\bin;E:\IntelliJ IDEA 2024.2.1\bin;C:\Users\Asus\Desktop\jdk1.8.0_202\bin\java;;C:\Program Files\jdk-22.0.2\bin;C:\Program Files (x86)\Common Files\Oracle\Java\javapath;C:\Program Files (x86)\Common Files\Oracle\Java\java8path;E:\IntelliJ IDEA 2024.2.1\jbr\bin;C:\Program Files\Java\jdk-17\bin;
USERNAME=Asus
OS=Windows_NT
PROCESSOR_IDENTIFIER=Intel64 Family 6 Model 141 Stepping 1, GenuineIntel
TMP=C:\Users\Asus\AppData\Local\Temp
TEMP=C:\Users\Asus\AppData\Local\Temp




Periodic native trim disabled

---------------  S Y S T E M  ---------------

OS:
 Windows 11 , 64 bit Build 22621 (10.0.22621.3958)
OS uptime: 1 days 21:21 hours

CPU: total 12 (initial active 12) (6 cores per cpu, 2 threads per core) family 6 model 141 stepping 1 microcode 0x50, cx8, cmov, fxsr, ht, mmx, 3dnowpref, sse, sse2, sse3, ssse3, sse4.1, sse4.2, popcnt, lzcnt, tsc, tscinvbit, avx, avx2, aes, erms, clmul, bmi1, bmi2, adx, avx512f, avx512dq, avx512cd, avx512bw, avx512vl, sha, fma, vzeroupper, avx512_vpopcntdq, avx512_vpclmulqdq, avx512_vaes, avx512_vnni, clflush, clflushopt, clwb, avx512_vbmi2, avx512_vbmi, rdtscp, rdpid, fsrm, gfni, avx512_bitalg, f16c, pku, cet_ibt, cet_ss, avx512_ifma
Processor Information for all 12 processors :
  Max Mhz: 2688, Current Mhz: 2688, Mhz Limit: 2688

Memory: 4k page, system-wide physical 7930M (419M free)
TotalPageFile size 27194M (AvailPageFile size 3M)
current process WorkingSet (physical memory assigned to process): 122M, peak: 122M
current process commit charge ("private bytes"): 251M, peak: 251M

vm_info: OpenJDK 64-Bit Server VM (22.0.2+9-70) for windows-amd64 JRE (22.0.2+9-70), built on 2024-06-04T16:52:23Z by "mach5one" with MS VC++ 17.6 (VS2022)

END.
